{"level":"INFO","ts":"2025-04-10T18:52:02.219+0200","caller":"authSystem/main.go:40","msg":"Connected to database successfully"}
{"level":"INFO","ts":"2025-04-10T18:52:02.351+0200","caller":"authSystem/main.go:46","msg":"Database schema synced successfully"}
{"level":"INFO","ts":"2025-04-10T18:52:02.361+0200","caller":"authSystem/main.go:131","msg":"Starting server","port":"8080"}
{"level":"FATAL","ts":"2025-04-10T18:52:02.361+0200","caller":"authSystem/main.go:133","msg":"Server failed to start","error":"listen tcp :8080: bind: address already in use","stacktrace":"main.main.func2\n\t/home/mahmoud/go/src/go-learning/Matter-Tasks/authSystem/main.go:133"}
{"level":"INFO","ts":"2025-04-10T18:52:05.271+0200","caller":"authSystem/main.go:142","msg":"Shutting down server..."}
{"level":"INFO","ts":"2025-04-10T18:52:05.271+0200","caller":"authSystem/main.go:152","msg":"Server exited properly"}
{"level":"INFO","ts":"2025-04-10T18:52:07.772+0200","caller":"authSystem/main.go:40","msg":"Connected to database successfully"}
{"level":"INFO","ts":"2025-04-10T18:52:07.859+0200","caller":"authSystem/main.go:46","msg":"Database schema synced successfully"}
{"level":"INFO","ts":"2025-04-10T18:52:07.868+0200","caller":"authSystem/main.go:131","msg":"Starting server","port":"8080"}
{"level":"INFO","ts":"2025-04-10T18:52:51.044+0200","caller":"middleware/Logger.go:152","msg":"HTTP Request","method":"GET","path":"/health","query":"","ip":"::1","user-agent":"PostmanRuntime/7.39.1","time":"2025-04-10T18:52:51+02:00","latency":0.000054611,"status":200,"error":"","body":""}
{"level":"INFO","ts":"2025-04-10T18:54:01.371+0200","caller":"middleware/Logger.go:152","msg":"HTTP Request","method":"POST","path":"/auth/login","query":"","ip":"::1","user-agent":"PostmanRuntime/7.39.1","time":"2025-04-10T18:54:01+02:00","latency":0.118172196,"status":200,"error":"","body":"{\n    \"email\":\"test@test.com\",\n    \"password\":\"1234\"\n}"}
{"level":"INFO","ts":"2025-04-10T18:54:03.735+0200","caller":"middleware/Logger.go:152","msg":"HTTP Request","method":"POST","path":"/auth/login","query":"","ip":"::1","user-agent":"PostmanRuntime/7.39.1","time":"2025-04-10T18:54:03+02:00","latency":0.079801626,"status":400,"error":"","body":"{\n    \"email\":\"test@test.com\",\n    \"password\":\"123f4\"\n}"}
{"level":"INFO","ts":"2025-04-10T18:54:41.993+0200","caller":"middleware/Logger.go:152","msg":"HTTP Request","method":"POST","path":"/auth/login","query":"","ip":"::1","user-agent":"PostmanRuntime/7.39.1","time":"2025-04-10T18:54:41+02:00","latency":0.128083448,"status":400,"error":"","body":"{\n    \"email\":\"test@test.com\",\n    \"password\":\"123f4\"\n}"}
{"level":"INFO","ts":"2025-04-10T18:54:54.842+0200","caller":"middleware/Logger.go:152","msg":"HTTP Request","method":"POST","path":"/api/book/1","query":"","ip":"::1","user-agent":"PostmanRuntime/7.39.1","time":"2025-04-10T18:54:54+02:00","latency":0.000023096,"status":404,"error":"","body":"{\n    \"email\":\"test@test.com\",\n    \"password\":\"123f4\"\n}"}
{"level":"INFO","ts":"2025-04-10T18:54:57.917+0200","caller":"middleware/Logger.go:152","msg":"HTTP Request","method":"POST","path":"/api/book/2","query":"","ip":"::1","user-agent":"PostmanRuntime/7.39.1","time":"2025-04-10T18:54:57+02:00","latency":0.00002169,"status":404,"error":"","body":"{\n    \"email\":\"test@test.com\",\n    \"password\":\"123f4\"\n}"}
{"level":"INFO","ts":"2025-04-10T18:55:01.282+0200","caller":"middleware/Logger.go:152","msg":"HTTP Request","method":"GET","path":"/api/book/2","query":"","ip":"::1","user-agent":"PostmanRuntime/7.39.1","time":"2025-04-10T18:55:01+02:00","latency":0.000063665,"status":404,"error":"","body":"{\n    \"email\":\"test@test.com\",\n    \"password\":\"123f4\"\n}"}
{"level":"INFO","ts":"2025-04-10T18:55:04.755+0200","caller":"middleware/Logger.go:152","msg":"HTTP Request","method":"GET","path":"/api/book/2","query":"","ip":"::1","user-agent":"PostmanRuntime/7.39.1","time":"2025-04-10T18:55:04+02:00","latency":0.000016472,"status":404,"error":"","body":"{\n    \"email\":\"test@test.com\",\n    \"password\":\"123f4\"\n}"}
{"level":"INFO","ts":"2025-04-10T18:55:12.739+0200","caller":"middleware/Logger.go:152","msg":"HTTP Request","method":"GET","path":"/api/book/1","query":"","ip":"::1","user-agent":"PostmanRuntime/7.39.1","time":"2025-04-10T18:55:12+02:00","latency":0.000019551,"status":404,"error":"","body":"{\n    \"email\":\"test@test.com\",\n    \"password\":\"123f4\"\n}"}
{"level":"INFO","ts":"2025-04-10T18:55:28.033+0200","caller":"authSystem/main.go:40","msg":"Connected to database successfully"}
{"level":"INFO","ts":"2025-04-10T18:55:28.136+0200","caller":"authSystem/main.go:46","msg":"Database schema synced successfully"}
{"level":"INFO","ts":"2025-04-10T18:55:28.144+0200","caller":"authSystem/main.go:131","msg":"Starting server","port":"8080"}
{"level":"FATAL","ts":"2025-04-10T18:55:28.144+0200","caller":"authSystem/main.go:133","msg":"Server failed to start","error":"listen tcp :8080: bind: address already in use","stacktrace":"main.main.func2\n\t/home/mahmoud/go/src/go-learning/Matter-Tasks/authSystem/main.go:133"}
{"level":"INFO","ts":"2025-04-10T18:55:30.393+0200","caller":"authSystem/main.go:40","msg":"Connected to database successfully"}
{"level":"INFO","ts":"2025-04-10T18:55:30.513+0200","caller":"authSystem/main.go:46","msg":"Database schema synced successfully"}
{"level":"INFO","ts":"2025-04-10T18:55:30.526+0200","caller":"authSystem/main.go:131","msg":"Starting server","port":"8080"}
{"level":"FATAL","ts":"2025-04-10T18:55:30.527+0200","caller":"authSystem/main.go:133","msg":"Server failed to start","error":"listen tcp :8080: bind: address already in use","stacktrace":"main.main.func2\n\t/home/mahmoud/go/src/go-learning/Matter-Tasks/authSystem/main.go:133"}
{"level":"INFO","ts":"2025-04-10T18:55:32.096+0200","caller":"authSystem/main.go:40","msg":"Connected to database successfully"}
{"level":"INFO","ts":"2025-04-10T18:55:32.217+0200","caller":"authSystem/main.go:46","msg":"Database schema synced successfully"}
{"level":"INFO","ts":"2025-04-10T18:55:32.227+0200","caller":"authSystem/main.go:131","msg":"Starting server","port":"8080"}
{"level":"FATAL","ts":"2025-04-10T18:55:32.227+0200","caller":"authSystem/main.go:133","msg":"Server failed to start","error":"listen tcp :8080: bind: address already in use","stacktrace":"main.main.func2\n\t/home/mahmoud/go/src/go-learning/Matter-Tasks/authSystem/main.go:133"}
{"level":"INFO","ts":"2025-04-10T18:55:33.981+0200","caller":"authSystem/main.go:142","msg":"Shutting down server..."}
{"level":"INFO","ts":"2025-04-10T18:55:33.982+0200","caller":"authSystem/main.go:152","msg":"Server exited properly"}
{"level":"INFO","ts":"2025-04-10T18:55:36.807+0200","caller":"authSystem/main.go:40","msg":"Connected to database successfully"}
{"level":"INFO","ts":"2025-04-10T18:55:36.951+0200","caller":"authSystem/main.go:46","msg":"Database schema synced successfully"}
{"level":"INFO","ts":"2025-04-10T18:55:36.961+0200","caller":"authSystem/main.go:131","msg":"Starting server","port":"8080"}
{"level":"INFO","ts":"2025-04-10T18:55:43.523+0200","caller":"middleware/Logger.go:152","msg":"HTTP Request","method":"GET","path":"/api/book/1","query":"","ip":"::1","user-agent":"PostmanRuntime/7.39.1","time":"2025-04-10T18:55:43+02:00","latency":0.001857515,"status":404,"error":"","body":"{\n    \"email\":\"test@test.com\",\n    \"password\":\"123f4\"\n}"}
{"level":"INFO","ts":"2025-04-10T18:55:47.035+0200","caller":"middleware/Logger.go:152","msg":"HTTP Request","method":"GET","path":"/api/book/19","query":"","ip":"::1","user-agent":"PostmanRuntime/7.39.1","time":"2025-04-10T18:55:47+02:00","latency":0.000797717,"status":200,"error":"","body":"{\n    \"email\":\"test@test.com\",\n    \"password\":\"123f4\"\n}"}
{"level":"INFO","ts":"2025-04-10T18:55:49.863+0200","caller":"middleware/Logger.go:152","msg":"HTTP Request","method":"GET","path":"/api/book/191","query":"","ip":"::1","user-agent":"PostmanRuntime/7.39.1","time":"2025-04-10T18:55:49+02:00","latency":0.000969065,"status":404,"error":"","body":"{\n    \"email\":\"test@test.com\",\n    \"password\":\"123f4\"\n}"}
{"level":"INFO","ts":"2025-04-10T18:55:57.025+0200","caller":"middleware/Logger.go:152","msg":"HTTP Request","method":"GET","path":"/api/book/2","query":"","ip":"::1","user-agent":"PostmanRuntime/7.39.1","time":"2025-04-10T18:55:57+02:00","latency":0.000589599,"status":404,"error":"","body":"{\n    \"email\":\"test@test.com\",\n    \"password\":\"123f4\"\n}"}
{"level":"INFO","ts":"2025-04-10T18:55:59.532+0200","caller":"middleware/Logger.go:152","msg":"HTTP Request","method":"GET","path":"/api/book/19","query":"","ip":"::1","user-agent":"PostmanRuntime/7.39.1","time":"2025-04-10T18:55:59+02:00","latency":0.000756727,"status":200,"error":"","body":"{\n    \"email\":\"test@test.com\",\n    \"password\":\"123f4\"\n}"}
{"level":"INFO","ts":"2025-04-10T18:56:29.169+0200","caller":"middleware/Logger.go:152","msg":"HTTP Request","method":"POST","path":"/api/book/19","query":"","ip":"::1","user-agent":"PostmanRuntime/7.39.1","time":"2025-04-10T18:56:29+02:00","latency":0.000017229,"status":404,"error":"","body":"{\n    \"title\": \"test15\",\n    \"author\": \"updated\",\n    \"category\": \"Category\"\n}"}
{"level":"INFO","ts":"2025-04-10T18:56:44.924+0200","caller":"middleware/Logger.go:152","msg":"HTTP Request","method":"PATCH","path":"/api/book/19","query":"","ip":"::1","user-agent":"PostmanRuntime/7.39.1","time":"2025-04-10T18:56:44+02:00","latency":0.01476485,"status":200,"error":"","body":"{\n    \"title\": \"test15\",\n    \"author\": \"updated\",\n    \"category\": \"Category\"\n}"}
{"level":"INFO","ts":"2025-04-10T18:56:52.422+0200","caller":"middleware/Logger.go:152","msg":"HTTP Request","method":"PATCH","path":"/api/book/19","query":"","ip":"::1","user-agent":"PostmanRuntime/7.39.1","time":"2025-04-10T18:56:52+02:00","latency":0.008681541,"status":200,"error":"","body":"{\n    \"title\": \"test15\",\n    \"author\": \"updated\",\n    \"category\": \"Category\"\n}"}
{"level":"INFO","ts":"2025-04-10T18:57:08.714+0200","caller":"middleware/Logger.go:152","msg":"HTTP Request","method":"DELETE","path":"/api/book/19","query":"","ip":"::1","user-agent":"PostmanRuntime/7.39.1","time":"2025-04-10T18:57:08+02:00","latency":0.00958576,"status":200,"error":"","body":"{\n    \"title\": \"test15\",\n    \"author\": \"updated\",\n    \"category\": \"Category\"\n}"}
{"level":"INFO","ts":"2025-04-10T18:57:19.207+0200","caller":"middleware/Logger.go:152","msg":"HTTP Request","method":"GET","path":"/admin/books","query":"","ip":"::1","user-agent":"PostmanRuntime/7.39.1","time":"2025-04-10T18:57:19+02:00","latency":0.002266772,"status":200,"error":"","body":"{\n    \"title\": \"test15\",\n    \"author\": \"updated\",\n    \"category\": \"Category\"\n}"}
{"level":"INFO","ts":"2025-04-10T18:57:50.714+0200","caller":"middleware/Logger.go:152","msg":"HTTP Request","method":"GET","path":"/admin/books","query":"","ip":"::1","user-agent":"PostmanRuntime/7.39.1","time":"2025-04-10T18:57:50+02:00","latency":0.000838692,"status":200,"error":"","body":"{\n    \"title\": \"test15\",\n    \"author\": \"updated\",\n    \"category\": \"Category\"\n}"}
{"level":"INFO","ts":"2025-04-10T18:57:56.455+0200","caller":"middleware/Logger.go:152","msg":"HTTP Request","method":"GET","path":"/admin/books","query":"","ip":"::1","user-agent":"PostmanRuntime/7.39.1","time":"2025-04-10T18:57:56+02:00","latency":0.000817243,"status":200,"error":"","body":""}
{"level":"INFO","ts":"2025-04-10T18:58:05.089+0200","caller":"middleware/Logger.go:152","msg":"HTTP Request","method":"GET","path":"/admin/books","query":"","ip":"::1","user-agent":"PostmanRuntime/7.39.1","time":"2025-04-10T18:58:05+02:00","latency":0.000850946,"status":200,"error":"","body":""}
{"level":"INFO","ts":"2025-04-10T18:58:05.886+0200","caller":"middleware/Logger.go:152","msg":"HTTP Request","method":"GET","path":"/admin/books","query":"","ip":"::1","user-agent":"PostmanRuntime/7.39.1","time":"2025-04-10T18:58:05+02:00","latency":0.000729728,"status":200,"error":"","body":""}
{"level":"INFO","ts":"2025-04-10T18:58:10.674+0200","caller":"middleware/Logger.go:152","msg":"HTTP Request","method":"GET","path":"/admin/users","query":"","ip":"::1","user-agent":"PostmanRuntime/7.39.1","time":"2025-04-10T18:58:10+02:00","latency":0.001392264,"status":200,"error":"","body":""}
{"level":"INFO","ts":"2025-04-10T18:58:17.321+0200","caller":"middleware/Logger.go:152","msg":"HTTP Request","method":"GET","path":"/admin/users","query":"","ip":"::1","user-agent":"PostmanRuntime/7.39.1","time":"2025-04-10T18:58:17+02:00","latency":0.000801773,"status":200,"error":"","body":"lol "}
{"level":"INFO","ts":"2025-04-10T18:58:24.084+0200","caller":"middleware/Logger.go:152","msg":"HTTP Request","method":"GET","path":"/admin/users","query":"","ip":"::1","user-agent":"PostmanRuntime/7.39.1","time":"2025-04-10T18:58:24+02:00","latency":0.000807151,"status":200,"error":"","body":""}
{"level":"INFO","ts":"2025-04-10T19:15:34.508+0200","caller":"Authentication_Book_Managment_System/main.go:40","msg":"Connected to database successfully"}
{"level":"INFO","ts":"2025-04-10T19:15:34.660+0200","caller":"Authentication_Book_Managment_System/main.go:46","msg":"Database schema synced successfully"}
{"level":"INFO","ts":"2025-04-10T19:15:34.663+0200","caller":"Authentication_Book_Managment_System/main.go:131","msg":"Starting server","port":"8080"}
{"level":"FATAL","ts":"2025-04-10T19:15:34.663+0200","caller":"Authentication_Book_Managment_System/main.go:133","msg":"Server failed to start","error":"listen tcp :8080: bind: address already in use","stacktrace":"main.main.func2\n\t/home/mahmoud/Projects/Authentication_Book_Managment_System/main.go:133"}
{"level":"INFO","ts":"2025-04-10T19:16:02.978+0200","caller":"Authentication_Book_Managment_System/main.go:40","msg":"Connected to database successfully"}
{"level":"INFO","ts":"2025-04-10T19:16:03.130+0200","caller":"Authentication_Book_Managment_System/main.go:46","msg":"Database schema synced successfully"}
{"level":"INFO","ts":"2025-04-10T19:16:03.132+0200","caller":"Authentication_Book_Managment_System/main.go:131","msg":"Starting server","port":"8080"}
{"level":"INFO","ts":"2025-04-10T19:16:06.307+0200","caller":"Authentication_Book_Managment_System/main.go:142","msg":"Shutting down server..."}
{"level":"INFO","ts":"2025-04-10T19:16:06.308+0200","caller":"Authentication_Book_Managment_System/main.go:152","msg":"Server exited properly"}
{"level":"INFO","ts":"2025-06-04T20:37:18.617+0300","caller":"Authentication_Book_Managment_System/main.go:40","msg":"Connected to database successfully"}
{"level":"INFO","ts":"2025-06-04T20:37:18.695+0300","caller":"Authentication_Book_Managment_System/main.go:46","msg":"Database schema synced successfully"}
{"level":"INFO","ts":"2025-06-04T20:37:18.699+0300","caller":"Authentication_Book_Managment_System/main.go:131","msg":"Starting server","port":"8080"}
{"level":"INFO","ts":"2025-06-04T20:43:00.608+0300","caller":"Authentication_Book_Managment_System/main.go:40","msg":"Connected to database successfully"}
{"level":"INFO","ts":"2025-06-04T20:43:00.656+0300","caller":"Authentication_Book_Managment_System/main.go:46","msg":"Database schema synced successfully"}
{"level":"INFO","ts":"2025-06-04T20:43:00.658+0300","caller":"Authentication_Book_Managment_System/main.go:131","msg":"Starting server","port":"8080"}
